1597385681914:exit
1597385751487:start
1597455096268:DicomReceiver
1597455609764:jar DicomReceiver.class
1597455696122:help
1597455764235:start
1597460585868:exit
1597460612963:start
1597460618205:quit
1597463605032:start
1597484956128:exit
1597486112758:start
1597492289000:help
1597492421086:start
1597540411781:help
1597540416772:start
1597540450548:exit
1597540560871:start
1597540565814:help
1597540574054:clear
1597540576038:help
1597540581447:exit,quit
1597540588119:history
1597540596711:exit
1597560159246:start
1597560342740:clean
1597560345567:clear
